{
  "instant" : {
    "epochSecond" : 1739619002,
    "nanoOfSecond" : 181867900
  },
  "thread" : "main",
  "level" : "INFO",
  "loggerName" : "com.isi.maven.services.ServicesApplication",
  "message" : "Starting ServicesApplication using Java 17.0.5 with PID 18728 (C:\\Users\\fazeyna\\Desktop\\COURS_ISI_M2\\JEE\\lab3\\commandes\\services\\target\\classes started by fazeyna in C:\\Users\\fazeyna\\Desktop\\COURS_ISI_M2\\JEE\\lab3)",
  "endOfBatch" : false,
  "loggerFqcn" : "org.apache.commons.logging.LogAdapter$Log4jLog",
  "threadId" : 1,
  "threadPriority" : 5,
  "service" : "lab-maven1"
}
{
  "instant" : {
    "epochSecond" : 1739619002,
    "nanoOfSecond" : 647871400
  },
  "thread" : "main",
  "level" : "INFO",
  "loggerName" : "com.isi.maven.services.ServicesApplication",
  "message" : "No active profile set, falling back to 1 default profile: \"default\"",
  "endOfBatch" : false,
  "loggerFqcn" : "org.apache.commons.logging.LogAdapter$Log4jLog",
  "threadId" : 1,
  "threadPriority" : 5,
  "service" : "lab-maven1"
}
{
  "instant" : {
    "epochSecond" : 1739619003,
    "nanoOfSecond" : 957529800
  },
  "thread" : "main",
  "level" : "INFO",
  "loggerName" : "org.springframework.data.repository.config.RepositoryConfigurationDelegate",
  "message" : "Bootstrapping Spring Data JPA repositories in DEFAULT mode.",
  "endOfBatch" : false,
  "loggerFqcn" : "org.apache.commons.logging.LogAdapter$Log4jLog",
  "threadId" : 1,
  "threadPriority" : 5,
  "service" : "lab-maven1"
}
{
  "instant" : {
    "epochSecond" : 1739619004,
    "nanoOfSecond" : 107648000
  },
  "thread" : "main",
  "level" : "INFO",
  "loggerName" : "org.springframework.data.repository.config.RepositoryConfigurationDelegate",
  "message" : "Finished Spring Data repository scanning in 106 ms. Found 3 JPA repository interfaces.",
  "endOfBatch" : false,
  "loggerFqcn" : "org.apache.commons.logging.LogAdapter$Log4jLog",
  "threadId" : 1,
  "threadPriority" : 5,
  "service" : "lab-maven1"
}
{
  "instant" : {
    "epochSecond" : 1739619005,
    "nanoOfSecond" : 176138400
  },
  "thread" : "main",
  "level" : "WARN",
  "loggerName" : "org.springframework.core.LocalVariableTableParameterNameDiscoverer",
  "message" : "Using deprecated '-debug' fallback for parameter name resolution. Compile the affected code with '-parameters' instead or avoid its introspection: com.isi.maven.services.config.LoggingAspect",
  "endOfBatch" : false,
  "loggerFqcn" : "org.apache.commons.logging.LogAdapter$Log4jLog",
  "threadId" : 1,
  "threadPriority" : 5,
  "service" : "lab-maven1"
}
{
  "instant" : {
    "epochSecond" : 1739619006,
    "nanoOfSecond" : 229546600
  },
  "thread" : "main",
  "level" : "INFO",
  "loggerName" : "org.springframework.boot.web.embedded.tomcat.TomcatWebServer",
  "message" : "Tomcat initialized with port(s): 8080 (http)",
  "endOfBatch" : false,
  "loggerFqcn" : "org.apache.commons.logging.LogAdapter$Log4jLog",
  "threadId" : 1,
  "threadPriority" : 5,
  "service" : "lab-maven1"
}
{
  "instant" : {
    "epochSecond" : 1739619006,
    "nanoOfSecond" : 246404400
  },
  "thread" : "main",
  "level" : "INFO",
  "loggerName" : "org.apache.coyote.http11.Http11NioProtocol",
  "message" : "Initializing ProtocolHandler [\"http-nio-8080\"]",
  "endOfBatch" : false,
  "loggerFqcn" : "java.util.logging.Logger",
  "threadId" : 1,
  "threadPriority" : 5,
  "service" : "lab-maven1"
}
{
  "instant" : {
    "epochSecond" : 1739619006,
    "nanoOfSecond" : 250926400
  },
  "thread" : "main",
  "level" : "INFO",
  "loggerName" : "org.apache.catalina.core.StandardService",
  "message" : "Starting service [Tomcat]",
  "endOfBatch" : false,
  "loggerFqcn" : "java.util.logging.Logger",
  "threadId" : 1,
  "threadPriority" : 5,
  "service" : "lab-maven1"
}
{
  "instant" : {
    "epochSecond" : 1739619006,
    "nanoOfSecond" : 257439900
  },
  "thread" : "main",
  "level" : "INFO",
  "loggerName" : "org.apache.catalina.core.StandardEngine",
  "message" : "Starting Servlet engine: [Apache Tomcat/10.1.15]",
  "endOfBatch" : false,
  "loggerFqcn" : "java.util.logging.Logger",
  "threadId" : 1,
  "threadPriority" : 5,
  "service" : "lab-maven1"
}
{
  "instant" : {
    "epochSecond" : 1739619006,
    "nanoOfSecond" : 431860600
  },
  "thread" : "main",
  "level" : "INFO",
  "loggerName" : "org.apache.catalina.core.ContainerBase.[Tomcat].[localhost].[/]",
  "message" : "Initializing Spring embedded WebApplicationContext",
  "endOfBatch" : false,
  "loggerFqcn" : "java.util.logging.Logger",
  "threadId" : 1,
  "threadPriority" : 5,
  "service" : "lab-maven1"
}
{
  "instant" : {
    "epochSecond" : 1739619006,
    "nanoOfSecond" : 441309900
  },
  "thread" : "main",
  "level" : "INFO",
  "loggerName" : "org.springframework.boot.web.servlet.context.ServletWebServerApplicationContext",
  "message" : "Root WebApplicationContext: initialization completed in 3564 ms",
  "endOfBatch" : false,
  "loggerFqcn" : "org.apache.commons.logging.LogAdapter$Log4jLog",
  "threadId" : 1,
  "threadPriority" : 5,
  "service" : "lab-maven1"
}
{
  "instant" : {
    "epochSecond" : 1739619006,
    "nanoOfSecond" : 942917500
  },
  "thread" : "main",
  "level" : "INFO",
  "loggerName" : "org.hibernate.jpa.internal.util.LogHelper",
  "message" : "HHH000204: Processing PersistenceUnitInfo [name: default]",
  "endOfBatch" : false,
  "loggerFqcn" : "org.hibernate.internal.EntityManagerMessageLogger_$logger",
  "threadId" : 1,
  "threadPriority" : 5,
  "service" : "lab-maven1"
}
{
  "instant" : {
    "epochSecond" : 1739619007,
    "nanoOfSecond" : 95926300
  },
  "thread" : "main",
  "level" : "INFO",
  "loggerName" : "org.hibernate.Version",
  "message" : "HHH000412: Hibernate ORM core version 6.2.13.Final",
  "endOfBatch" : false,
  "loggerFqcn" : "org.hibernate.internal.CoreMessageLogger_$logger",
  "threadId" : 1,
  "threadPriority" : 5,
  "service" : "lab-maven1"
}
{
  "instant" : {
    "epochSecond" : 1739619007,
    "nanoOfSecond" : 100945800
  },
  "thread" : "main",
  "level" : "INFO",
  "loggerName" : "org.hibernate.cfg.Environment",
  "message" : "HHH000406: Using bytecode reflection optimizer",
  "endOfBatch" : false,
  "loggerFqcn" : "org.hibernate.internal.CoreMessageLogger_$logger",
  "threadId" : 1,
  "threadPriority" : 5,
  "service" : "lab-maven1"
}
{
  "instant" : {
    "epochSecond" : 1739619007,
    "nanoOfSecond" : 705380800
  },
  "thread" : "main",
  "level" : "INFO",
  "loggerName" : "org.springframework.orm.jpa.persistenceunit.SpringPersistenceUnitInfo",
  "message" : "No LoadTimeWeaver setup: ignoring JPA class transformer",
  "endOfBatch" : false,
  "loggerFqcn" : "org.apache.commons.logging.LogAdapter$Log4jLog",
  "threadId" : 1,
  "threadPriority" : 5,
  "service" : "lab-maven1"
}
{
  "instant" : {
    "epochSecond" : 1739619007,
    "nanoOfSecond" : 756275000
  },
  "thread" : "main",
  "level" : "INFO",
  "loggerName" : "com.zaxxer.hikari.HikariDataSource",
  "message" : "HikariPool-1 - Starting...",
  "endOfBatch" : false,
  "loggerFqcn" : "org.apache.logging.slf4j.Log4jLogger",
  "threadId" : 1,
  "threadPriority" : 5,
  "service" : "lab-maven1"
}
{
  "instant" : {
    "epochSecond" : 1739619008,
    "nanoOfSecond" : 447130400
  },
  "thread" : "main",
  "level" : "INFO",
  "loggerName" : "com.zaxxer.hikari.pool.HikariPool",
  "message" : "HikariPool-1 - Added connection com.mysql.cj.jdbc.ConnectionImpl@27053257",
  "endOfBatch" : false,
  "loggerFqcn" : "org.apache.logging.slf4j.Log4jLogger",
  "threadId" : 1,
  "threadPriority" : 5,
  "service" : "lab-maven1"
}
{
  "instant" : {
    "epochSecond" : 1739619008,
    "nanoOfSecond" : 451489200
  },
  "thread" : "main",
  "level" : "INFO",
  "loggerName" : "com.zaxxer.hikari.HikariDataSource",
  "message" : "HikariPool-1 - Start completed.",
  "endOfBatch" : false,
  "loggerFqcn" : "org.apache.logging.slf4j.Log4jLogger",
  "threadId" : 1,
  "threadPriority" : 5,
  "service" : "lab-maven1"
}
{
  "instant" : {
    "epochSecond" : 1739619008,
    "nanoOfSecond" : 554332800
  },
  "thread" : "main",
  "level" : "WARN",
  "loggerName" : "org.hibernate.orm.deprecation",
  "message" : "HHH90000025: MySQL8Dialect does not need to be specified explicitly using 'hibernate.dialect' (remove the property setting and it will be selected by default)",
  "endOfBatch" : false,
  "loggerFqcn" : "org.hibernate.internal.log.DeprecationLogger_$logger",
  "threadId" : 1,
  "threadPriority" : 5,
  "service" : "lab-maven1"
}
{
  "instant" : {
    "epochSecond" : 1739619008,
    "nanoOfSecond" : 556624900
  },
  "thread" : "main",
  "level" : "WARN",
  "loggerName" : "org.hibernate.orm.deprecation",
  "message" : "HHH90000026: MySQL8Dialect has been deprecated; use org.hibernate.dialect.MySQLDialect instead",
  "endOfBatch" : false,
  "loggerFqcn" : "org.hibernate.internal.log.DeprecationLogger_$logger",
  "threadId" : 1,
  "threadPriority" : 5,
  "service" : "lab-maven1"
}
{
  "instant" : {
    "epochSecond" : 1739619010,
    "nanoOfSecond" : 623726100
  },
  "thread" : "main",
  "level" : "INFO",
  "loggerName" : "org.hibernate.engine.transaction.jta.platform.internal.JtaPlatformInitiator",
  "message" : "HHH000489: No JTA platform available (set 'hibernate.transaction.jta.platform' to enable JTA platform integration)",
  "endOfBatch" : false,
  "loggerFqcn" : "org.hibernate.internal.CoreMessageLogger_$logger",
  "threadId" : 1,
  "threadPriority" : 5,
  "service" : "lab-maven1"
}
{
  "instant" : {
    "epochSecond" : 1739619010,
    "nanoOfSecond" : 781121600
  },
  "thread" : "main",
  "level" : "INFO",
  "loggerName" : "org.springframework.orm.jpa.LocalContainerEntityManagerFactoryBean",
  "message" : "Initialized JPA EntityManagerFactory for persistence unit 'default'",
  "endOfBatch" : false,
  "loggerFqcn" : "org.apache.commons.logging.LogAdapter$Log4jLog",
  "threadId" : 1,
  "threadPriority" : 5,
  "service" : "lab-maven1"
}
{
  "instant" : {
    "epochSecond" : 1739619011,
    "nanoOfSecond" : 305023100
  },
  "thread" : "main",
  "level" : "WARN",
  "loggerName" : "org.springframework.core.LocalVariableTableParameterNameDiscoverer",
  "message" : "Using deprecated '-debug' fallback for parameter name resolution. Compile the affected code with '-parameters' instead or avoid its introspection: com.isi.maven.services.dao.IAppRolesRepository",
  "endOfBatch" : false,
  "loggerFqcn" : "org.apache.commons.logging.LogAdapter$Log4jLog",
  "threadId" : 1,
  "threadPriority" : 5,
  "service" : "lab-maven1"
}
{
  "instant" : {
    "epochSecond" : 1739619011,
    "nanoOfSecond" : 445302500
  },
  "thread" : "main",
  "level" : "WARN",
  "loggerName" : "org.springframework.boot.web.servlet.context.AnnotationConfigServletWebServerApplicationContext",
  "message" : "Exception encountered during context initialization - cancelling refresh attempt: org.springframework.beans.factory.UnsatisfiedDependencyException: Error creating bean with name 'appRolesController' defined in file [C:\\Users\\fazeyna\\Desktop\\COURS_ISI_M2\\JEE\\lab3\\commandes\\services\\target\\classes\\com\\isi\\maven\\services\\controller\\AppRolesController.class]: Unsatisfied dependency expressed through constructor parameter 0: Error creating bean with name 'appRolesService' defined in file [C:\\Users\\fazeyna\\Desktop\\COURS_ISI_M2\\JEE\\lab3\\commandes\\services\\target\\classes\\com\\isi\\maven\\services\\services\\AppRolesService.class]: Unsatisfied dependency expressed through constructor parameter 1: No qualifying bean of type 'com.isi.maven.services.mapping.AppRolesMapper' available: expected at least 1 bean which qualifies as autowire candidate. Dependency annotations: {}",
  "endOfBatch" : false,
  "loggerFqcn" : "org.apache.commons.logging.LogAdapter$Log4jLog",
  "threadId" : 1,
  "threadPriority" : 5,
  "service" : "lab-maven1"
}
{
  "instant" : {
    "epochSecond" : 1739619011,
    "nanoOfSecond" : 446303500
  },
  "thread" : "main",
  "level" : "INFO",
  "loggerName" : "org.springframework.orm.jpa.LocalContainerEntityManagerFactoryBean",
  "message" : "Closing JPA EntityManagerFactory for persistence unit 'default'",
  "endOfBatch" : false,
  "loggerFqcn" : "org.apache.commons.logging.LogAdapter$Log4jLog",
  "threadId" : 1,
  "threadPriority" : 5,
  "service" : "lab-maven1"
}
{
  "instant" : {
    "epochSecond" : 1739619011,
    "nanoOfSecond" : 450300100
  },
  "thread" : "main",
  "level" : "INFO",
  "loggerName" : "com.zaxxer.hikari.HikariDataSource",
  "message" : "HikariPool-1 - Shutdown initiated...",
  "endOfBatch" : false,
  "loggerFqcn" : "org.apache.logging.slf4j.Log4jLogger",
  "threadId" : 1,
  "threadPriority" : 5,
  "service" : "lab-maven1"
}
{
  "instant" : {
    "epochSecond" : 1739619011,
    "nanoOfSecond" : 485325100
  },
  "thread" : "main",
  "level" : "INFO",
  "loggerName" : "com.zaxxer.hikari.HikariDataSource",
  "message" : "HikariPool-1 - Shutdown completed.",
  "endOfBatch" : false,
  "loggerFqcn" : "org.apache.logging.slf4j.Log4jLogger",
  "threadId" : 1,
  "threadPriority" : 5,
  "service" : "lab-maven1"
}
{
  "instant" : {
    "epochSecond" : 1739619011,
    "nanoOfSecond" : 490539400
  },
  "thread" : "main",
  "level" : "INFO",
  "loggerName" : "org.apache.catalina.core.StandardService",
  "message" : "Stopping service [Tomcat]",
  "endOfBatch" : false,
  "loggerFqcn" : "java.util.logging.Logger",
  "threadId" : 1,
  "threadPriority" : 5,
  "service" : "lab-maven1"
}
{
  "instant" : {
    "epochSecond" : 1739619011,
    "nanoOfSecond" : 534525400
  },
  "thread" : "main",
  "level" : "INFO",
  "loggerName" : "org.springframework.boot.autoconfigure.logging.ConditionEvaluationReportLogger",
  "message" : "\r\n\r\nError starting ApplicationContext. To display the condition evaluation report re-run your application with 'debug' enabled.",
  "endOfBatch" : false,
  "loggerFqcn" : "org.apache.commons.logging.LogAdapter$Log4jLog",
  "threadId" : 1,
  "threadPriority" : 5,
  "service" : "lab-maven1"
}
{
  "instant" : {
    "epochSecond" : 1739619011,
    "nanoOfSecond" : 630852800
  },
  "thread" : "main",
  "level" : "ERROR",
  "loggerName" : "org.springframework.boot.diagnostics.LoggingFailureAnalysisReporter",
  "message" : "\r\n\r\n***************************\r\nAPPLICATION FAILED TO START\r\n***************************\r\n\r\nDescription:\r\n\r\nParameter 1 of constructor in com.isi.maven.services.services.AppRolesService required a bean of type 'com.isi.maven.services.mapping.AppRolesMapper' that could not be found.\r\n\r\n\r\nAction:\r\n\r\nConsider defining a bean of type 'com.isi.maven.services.mapping.AppRolesMapper' in your configuration.\r\n",
  "endOfBatch" : false,
  "loggerFqcn" : "org.apache.commons.logging.LogAdapter$Log4jLog",
  "threadId" : 1,
  "threadPriority" : 5,
  "service" : "lab-maven1"
}
{
  "instant" : {
    "epochSecond" : 1739619084,
    "nanoOfSecond" : 90950300
  },
  "thread" : "main",
  "level" : "INFO",
  "loggerName" : "com.isi.maven.services.ServicesApplication",
  "message" : "Starting ServicesApplication using Java 17.0.5 with PID 5116 (C:\\Users\\fazeyna\\Desktop\\COURS_ISI_M2\\JEE\\lab3\\commandes\\services\\target\\classes started by fazeyna in C:\\Users\\fazeyna\\Desktop\\COURS_ISI_M2\\JEE\\lab3)",
  "endOfBatch" : false,
  "loggerFqcn" : "org.apache.commons.logging.LogAdapter$Log4jLog",
  "threadId" : 1,
  "threadPriority" : 5,
  "service" : "lab-maven1"
}
{
  "instant" : {
    "epochSecond" : 1739619084,
    "nanoOfSecond" : 421905600
  },
  "thread" : "main",
  "level" : "INFO",
  "loggerName" : "com.isi.maven.services.ServicesApplication",
  "message" : "No active profile set, falling back to 1 default profile: \"default\"",
  "endOfBatch" : false,
  "loggerFqcn" : "org.apache.commons.logging.LogAdapter$Log4jLog",
  "threadId" : 1,
  "threadPriority" : 5,
  "service" : "lab-maven1"
}
{
  "instant" : {
    "epochSecond" : 1739619085,
    "nanoOfSecond" : 539432100
  },
  "thread" : "main",
  "level" : "INFO",
  "loggerName" : "org.springframework.data.repository.config.RepositoryConfigurationDelegate",
  "message" : "Bootstrapping Spring Data JPA repositories in DEFAULT mode.",
  "endOfBatch" : false,
  "loggerFqcn" : "org.apache.commons.logging.LogAdapter$Log4jLog",
  "threadId" : 1,
  "threadPriority" : 5,
  "service" : "lab-maven1"
}
{
  "instant" : {
    "epochSecond" : 1739619085,
    "nanoOfSecond" : 632651600
  },
  "thread" : "main",
  "level" : "INFO",
  "loggerName" : "org.springframework.data.repository.config.RepositoryConfigurationDelegate",
  "message" : "Finished Spring Data repository scanning in 76 ms. Found 3 JPA repository interfaces.",
  "endOfBatch" : false,
  "loggerFqcn" : "org.apache.commons.logging.LogAdapter$Log4jLog",
  "threadId" : 1,
  "threadPriority" : 5,
  "service" : "lab-maven1"
}
{
  "instant" : {
    "epochSecond" : 1739619086,
    "nanoOfSecond" : 525585700
  },
  "thread" : "main",
  "level" : "WARN",
  "loggerName" : "org.springframework.core.LocalVariableTableParameterNameDiscoverer",
  "message" : "Using deprecated '-debug' fallback for parameter name resolution. Compile the affected code with '-parameters' instead or avoid its introspection: com.isi.maven.services.config.LoggingAspect",
  "endOfBatch" : false,
  "loggerFqcn" : "org.apache.commons.logging.LogAdapter$Log4jLog",
  "threadId" : 1,
  "threadPriority" : 5,
  "service" : "lab-maven1"
}
{
  "instant" : {
    "epochSecond" : 1739619087,
    "nanoOfSecond" : 304696800
  },
  "thread" : "main",
  "level" : "INFO",
  "loggerName" : "org.springframework.boot.web.embedded.tomcat.TomcatWebServer",
  "message" : "Tomcat initialized with port(s): 8080 (http)",
  "endOfBatch" : false,
  "loggerFqcn" : "org.apache.commons.logging.LogAdapter$Log4jLog",
  "threadId" : 1,
  "threadPriority" : 5,
  "service" : "lab-maven1"
}
{
  "instant" : {
    "epochSecond" : 1739619087,
    "nanoOfSecond" : 320808000
  },
  "thread" : "main",
  "level" : "INFO",
  "loggerName" : "org.apache.coyote.http11.Http11NioProtocol",
  "message" : "Initializing ProtocolHandler [\"http-nio-8080\"]",
  "endOfBatch" : false,
  "loggerFqcn" : "java.util.logging.Logger",
  "threadId" : 1,
  "threadPriority" : 5,
  "service" : "lab-maven1"
}
{
  "instant" : {
    "epochSecond" : 1739619087,
    "nanoOfSecond" : 324816900
  },
  "thread" : "main",
  "level" : "INFO",
  "loggerName" : "org.apache.catalina.core.StandardService",
  "message" : "Starting service [Tomcat]",
  "endOfBatch" : false,
  "loggerFqcn" : "java.util.logging.Logger",
  "threadId" : 1,
  "threadPriority" : 5,
  "service" : "lab-maven1"
}
{
  "instant" : {
    "epochSecond" : 1739619087,
    "nanoOfSecond" : 330182900
  },
  "thread" : "main",
  "level" : "INFO",
  "loggerName" : "org.apache.catalina.core.StandardEngine",
  "message" : "Starting Servlet engine: [Apache Tomcat/10.1.15]",
  "endOfBatch" : false,
  "loggerFqcn" : "java.util.logging.Logger",
  "threadId" : 1,
  "threadPriority" : 5,
  "service" : "lab-maven1"
}
{
  "instant" : {
    "epochSecond" : 1739619087,
    "nanoOfSecond" : 483718000
  },
  "thread" : "main",
  "level" : "INFO",
  "loggerName" : "org.apache.catalina.core.ContainerBase.[Tomcat].[localhost].[/]",
  "message" : "Initializing Spring embedded WebApplicationContext",
  "endOfBatch" : false,
  "loggerFqcn" : "java.util.logging.Logger",
  "threadId" : 1,
  "threadPriority" : 5,
  "service" : "lab-maven1"
}
{
  "instant" : {
    "epochSecond" : 1739619087,
    "nanoOfSecond" : 490294400
  },
  "thread" : "main",
  "level" : "INFO",
  "loggerName" : "org.springframework.boot.web.servlet.context.ServletWebServerApplicationContext",
  "message" : "Root WebApplicationContext: initialization completed in 2935 ms",
  "endOfBatch" : false,
  "loggerFqcn" : "org.apache.commons.logging.LogAdapter$Log4jLog",
  "threadId" : 1,
  "threadPriority" : 5,
  "service" : "lab-maven1"
}
{
  "instant" : {
    "epochSecond" : 1739619087,
    "nanoOfSecond" : 850812700
  },
  "thread" : "main",
  "level" : "INFO",
  "loggerName" : "org.hibernate.jpa.internal.util.LogHelper",
  "message" : "HHH000204: Processing PersistenceUnitInfo [name: default]",
  "endOfBatch" : false,
  "loggerFqcn" : "org.hibernate.internal.EntityManagerMessageLogger_$logger",
  "threadId" : 1,
  "threadPriority" : 5,
  "service" : "lab-maven1"
}
{
  "instant" : {
    "epochSecond" : 1739619087,
    "nanoOfSecond" : 965429400
  },
  "thread" : "main",
  "level" : "INFO",
  "loggerName" : "org.hibernate.Version",
  "message" : "HHH000412: Hibernate ORM core version 6.2.13.Final",
  "endOfBatch" : false,
  "loggerFqcn" : "org.hibernate.internal.CoreMessageLogger_$logger",
  "threadId" : 1,
  "threadPriority" : 5,
  "service" : "lab-maven1"
}
{
  "instant" : {
    "epochSecond" : 1739619087,
    "nanoOfSecond" : 970930200
  },
  "thread" : "main",
  "level" : "INFO",
  "loggerName" : "org.hibernate.cfg.Environment",
  "message" : "HHH000406: Using bytecode reflection optimizer",
  "endOfBatch" : false,
  "loggerFqcn" : "org.hibernate.internal.CoreMessageLogger_$logger",
  "threadId" : 1,
  "threadPriority" : 5,
  "service" : "lab-maven1"
}
{
  "instant" : {
    "epochSecond" : 1739619088,
    "nanoOfSecond" : 531710000
  },
  "thread" : "main",
  "level" : "INFO",
  "loggerName" : "org.springframework.orm.jpa.persistenceunit.SpringPersistenceUnitInfo",
  "message" : "No LoadTimeWeaver setup: ignoring JPA class transformer",
  "endOfBatch" : false,
  "loggerFqcn" : "org.apache.commons.logging.LogAdapter$Log4jLog",
  "threadId" : 1,
  "threadPriority" : 5,
  "service" : "lab-maven1"
}
{
  "instant" : {
    "epochSecond" : 1739619088,
    "nanoOfSecond" : 596985600
  },
  "thread" : "main",
  "level" : "INFO",
  "loggerName" : "com.zaxxer.hikari.HikariDataSource",
  "message" : "HikariPool-1 - Starting...",
  "endOfBatch" : false,
  "loggerFqcn" : "org.apache.logging.slf4j.Log4jLogger",
  "threadId" : 1,
  "threadPriority" : 5,
  "service" : "lab-maven1"
}
{
  "instant" : {
    "epochSecond" : 1739619089,
    "nanoOfSecond" : 274161800
  },
  "thread" : "main",
  "level" : "INFO",
  "loggerName" : "com.zaxxer.hikari.pool.HikariPool",
  "message" : "HikariPool-1 - Added connection com.mysql.cj.jdbc.ConnectionImpl@55397d15",
  "endOfBatch" : false,
  "loggerFqcn" : "org.apache.logging.slf4j.Log4jLogger",
  "threadId" : 1,
  "threadPriority" : 5,
  "service" : "lab-maven1"
}
{
  "instant" : {
    "epochSecond" : 1739619089,
    "nanoOfSecond" : 288494300
  },
  "thread" : "main",
  "level" : "INFO",
  "loggerName" : "com.zaxxer.hikari.HikariDataSource",
  "message" : "HikariPool-1 - Start completed.",
  "endOfBatch" : false,
  "loggerFqcn" : "org.apache.logging.slf4j.Log4jLogger",
  "threadId" : 1,
  "threadPriority" : 5,
  "service" : "lab-maven1"
}
{
  "instant" : {
    "epochSecond" : 1739619089,
    "nanoOfSecond" : 365928100
  },
  "thread" : "main",
  "level" : "WARN",
  "loggerName" : "org.hibernate.orm.deprecation",
  "message" : "HHH90000025: MySQL8Dialect does not need to be specified explicitly using 'hibernate.dialect' (remove the property setting and it will be selected by default)",
  "endOfBatch" : false,
  "loggerFqcn" : "org.hibernate.internal.log.DeprecationLogger_$logger",
  "threadId" : 1,
  "threadPriority" : 5,
  "service" : "lab-maven1"
}
{
  "instant" : {
    "epochSecond" : 1739619089,
    "nanoOfSecond" : 368714400
  },
  "thread" : "main",
  "level" : "WARN",
  "loggerName" : "org.hibernate.orm.deprecation",
  "message" : "HHH90000026: MySQL8Dialect has been deprecated; use org.hibernate.dialect.MySQLDialect instead",
  "endOfBatch" : false,
  "loggerFqcn" : "org.hibernate.internal.log.DeprecationLogger_$logger",
  "threadId" : 1,
  "threadPriority" : 5,
  "service" : "lab-maven1"
}
{
  "instant" : {
    "epochSecond" : 1739619091,
    "nanoOfSecond" : 475968600
  },
  "thread" : "main",
  "level" : "INFO",
  "loggerName" : "org.hibernate.engine.transaction.jta.platform.internal.JtaPlatformInitiator",
  "message" : "HHH000489: No JTA platform available (set 'hibernate.transaction.jta.platform' to enable JTA platform integration)",
  "endOfBatch" : false,
  "loggerFqcn" : "org.hibernate.internal.CoreMessageLogger_$logger",
  "threadId" : 1,
  "threadPriority" : 5,
  "service" : "lab-maven1"
}
{
  "instant" : {
    "epochSecond" : 1739619091,
    "nanoOfSecond" : 668985300
  },
  "thread" : "main",
  "level" : "INFO",
  "loggerName" : "org.springframework.orm.jpa.LocalContainerEntityManagerFactoryBean",
  "message" : "Initialized JPA EntityManagerFactory for persistence unit 'default'",
  "endOfBatch" : false,
  "loggerFqcn" : "org.apache.commons.logging.LogAdapter$Log4jLog",
  "threadId" : 1,
  "threadPriority" : 5,
  "service" : "lab-maven1"
}
{
  "instant" : {
    "epochSecond" : 1739619092,
    "nanoOfSecond" : 280412300
  },
  "thread" : "main",
  "level" : "WARN",
  "loggerName" : "org.springframework.core.LocalVariableTableParameterNameDiscoverer",
  "message" : "Using deprecated '-debug' fallback for parameter name resolution. Compile the affected code with '-parameters' instead or avoid its introspection: com.isi.maven.services.dao.IAppRolesRepository",
  "endOfBatch" : false,
  "loggerFqcn" : "org.apache.commons.logging.LogAdapter$Log4jLog",
  "threadId" : 1,
  "threadPriority" : 5,
  "service" : "lab-maven1"
}
{
  "instant" : {
    "epochSecond" : 1739619092,
    "nanoOfSecond" : 584296000
  },
  "thread" : "main",
  "level" : "WARN",
  "loggerName" : "org.springframework.core.LocalVariableTableParameterNameDiscoverer",
  "message" : "Using deprecated '-debug' fallback for parameter name resolution. Compile the affected code with '-parameters' instead or avoid its introspection: com.isi.maven.services.dao.IAppUserRepository",
  "endOfBatch" : false,
  "loggerFqcn" : "org.apache.commons.logging.LogAdapter$Log4jLog",
  "threadId" : 1,
  "threadPriority" : 5,
  "service" : "lab-maven1"
}
{
  "instant" : {
    "epochSecond" : 1739619092,
    "nanoOfSecond" : 690770300
  },
  "thread" : "main",
  "level" : "WARN",
  "loggerName" : "org.springframework.core.LocalVariableTableParameterNameDiscoverer",
  "message" : "Using deprecated '-debug' fallback for parameter name resolution. Compile the affected code with '-parameters' instead or avoid its introspection: com.isi.maven.services.dao.IProduitRepository",
  "endOfBatch" : false,
  "loggerFqcn" : "org.apache.commons.logging.LogAdapter$Log4jLog",
  "threadId" : 1,
  "threadPriority" : 5,
  "service" : "lab-maven1"
}
{
  "instant" : {
    "epochSecond" : 1739619092,
    "nanoOfSecond" : 864761100
  },
  "thread" : "main",
  "level" : "WARN",
  "loggerName" : "org.springframework.boot.autoconfigure.orm.jpa.JpaBaseConfiguration$JpaWebConfiguration",
  "message" : "spring.jpa.open-in-view is enabled by default. Therefore, database queries may be performed during view rendering. Explicitly configure spring.jpa.open-in-view to disable this warning",
  "endOfBatch" : false,
  "loggerFqcn" : "org.apache.commons.logging.LogAdapter$Log4jLog",
  "threadId" : 1,
  "threadPriority" : 5,
  "service" : "lab-maven1"
}
{
  "instant" : {
    "epochSecond" : 1739619093,
    "nanoOfSecond" : 640827900
  },
  "thread" : "main",
  "level" : "INFO",
  "loggerName" : "org.apache.coyote.http11.Http11NioProtocol",
  "message" : "Starting ProtocolHandler [\"http-nio-8080\"]",
  "endOfBatch" : false,
  "loggerFqcn" : "java.util.logging.Logger",
  "threadId" : 1,
  "threadPriority" : 5,
  "service" : "lab-maven1"
}
{
  "instant" : {
    "epochSecond" : 1739619093,
    "nanoOfSecond" : 685288700
  },
  "thread" : "main",
  "level" : "INFO",
  "loggerName" : "org.springframework.boot.web.embedded.tomcat.TomcatWebServer",
  "message" : "Tomcat started on port(s): 8080 (http) with context path ''",
  "endOfBatch" : false,
  "loggerFqcn" : "org.apache.commons.logging.LogAdapter$Log4jLog",
  "threadId" : 1,
  "threadPriority" : 5,
  "service" : "lab-maven1"
}
{
  "instant" : {
    "epochSecond" : 1739619093,
    "nanoOfSecond" : 697274400
  },
  "thread" : "main",
  "level" : "INFO",
  "loggerName" : "com.isi.maven.services.ServicesApplication",
  "message" : "Started ServicesApplication in 10.468 seconds (process running for 13.601)",
  "endOfBatch" : false,
  "loggerFqcn" : "org.apache.commons.logging.LogAdapter$Log4jLog",
  "threadId" : 1,
  "threadPriority" : 5,
  "service" : "lab-maven1"
}
